<?xml version="1.0" encoding="UTF-8"?>
<!-- Generated by org.testng.reporters.JUnitReportReporter -->
<testsuite hostname="DESKTOP-Toqa" failures="0" tests="1" name="addtocart.AddToCart" time="22.141" errors="0" timestamp="2024-03-10T23:58:02 EET" skipped="0">
  <testcase classname="addtocart.AddToCart" name="MyTest" time="22.141"/>
  <system-out/>
</testsuite> <!-- addtocart.AddToCart -->
